c:\users\hp\source\repos\友尽飞行棋\友尽飞行棋\x64\release\vc141.pdb
c:\users\hp\source\repos\友尽飞行棋\友尽飞行棋\x64\release\plane_client.obj
c:\users\hp\source\repos\友尽飞行棋\友尽飞行棋\x64\release\plane.obj
c:\users\hp\source\repos\友尽飞行棋\友尽飞行棋\x64\release\network_server.obj
c:\users\hp\source\repos\友尽飞行棋\友尽飞行棋\x64\release\network.obj
c:\users\hp\source\repos\友尽飞行棋\友尽飞行棋\x64\release\nerwork_client.obj
c:\users\hp\source\repos\友尽飞行棋\友尽飞行棋\x64\release\mvc.obj
c:\users\hp\source\repos\友尽飞行棋\友尽飞行棋\x64\release\main.obj
c:\users\hp\source\repos\友尽飞行棋\友尽飞行棋\x64\release\gamemanager.obj
c:\users\hp\source\repos\友尽飞行棋\友尽飞行棋\x64\release\game.obj
c:\users\hp\source\repos\友尽飞行棋\友尽飞行棋\x64\release\entity.obj
c:\users\hp\source\repos\友尽飞行棋\友尽飞行棋\x64\release\dice_client.obj
c:\users\hp\source\repos\友尽飞行棋\友尽飞行棋\x64\release\dice.obj
c:\users\hp\source\repos\友尽飞行棋\友尽飞行棋\x64\release\chessboard.obj
c:\users\hp\source\repos\友尽飞行棋\友尽飞行棋\x64\release\button.obj
c:\users\hp\source\repos\友尽飞行棋\友尽飞行棋\x64\release\scence.obj
c:\users\hp\source\repos\友尽飞行棋\友尽飞行棋\x64\release\inputbox.obj
c:\users\hp\source\repos\友尽飞行棋\友尽飞行棋\x64\release\animator.obj
c:\users\hp\source\repos\友尽飞行棋\友尽飞行棋\x64\release\network_client.obj
c:\users\hp\source\repos\友尽飞行棋\友尽飞行棋\x64\release\chessboard_client.obj
c:\users\hp\source\repos\友尽飞行棋\友尽飞行棋\x64\release\chatroom.obj
c:\users\hp\source\repos\友尽飞行棋\x64\release\友尽飞行棋.ipdb
c:\users\hp\source\repos\友尽飞行棋\x64\release\友尽飞行棋.iobj
c:\users\hp\source\repos\友尽飞行棋\x64\release\友尽飞行棋.pdb
c:\users\hp\source\repos\友尽飞行棋\x64\release\友尽飞行棋.exe
c:\users\hp\source\repos\友尽飞行棋\友尽飞行棋\x64\release\友尽飞行棋.tlog\cl.command.1.tlog
c:\users\hp\source\repos\友尽飞行棋\友尽飞行棋\x64\release\友尽飞行棋.tlog\cl.read.1.tlog
c:\users\hp\source\repos\友尽飞行棋\友尽飞行棋\x64\release\友尽飞行棋.tlog\cl.write.1.tlog
c:\users\hp\source\repos\友尽飞行棋\友尽飞行棋\x64\release\友尽飞行棋.tlog\link.command.1.tlog
c:\users\hp\source\repos\友尽飞行棋\友尽飞行棋\x64\release\友尽飞行棋.tlog\link.read.1.tlog
c:\users\hp\source\repos\友尽飞行棋\友尽飞行棋\x64\release\友尽飞行棋.tlog\link.write.1.tlog
c:\users\hp\source\repos\友尽飞行棋\友尽飞行棋\x64\release\友尽飞行棋.tlog\友尽飞行棋.write.1u.tlog
