c:\users\hp\source\repos\友尽飞行棋\友尽飞行棋\x64\debug\vc142.pdb
c:\users\hp\source\repos\友尽飞行棋\友尽飞行棋\x64\debug\vc142.idb
c:\users\hp\source\repos\友尽飞行棋\友尽飞行棋\x64\debug\plane.obj
c:\users\hp\source\repos\友尽飞行棋\友尽飞行棋\x64\debug\network_server.obj
c:\users\hp\source\repos\友尽飞行棋\友尽飞行棋\x64\debug\nerwork_client.obj
c:\users\hp\source\repos\友尽飞行棋\友尽飞行棋\x64\debug\mvc.obj
c:\users\hp\source\repos\友尽飞行棋\友尽飞行棋\x64\debug\main.obj
c:\users\hp\source\repos\友尽飞行棋\友尽飞行棋\x64\debug\gamemanager.obj
c:\users\hp\source\repos\友尽飞行棋\友尽飞行棋\x64\debug\game.obj
c:\users\hp\source\repos\友尽飞行棋\友尽飞行棋\x64\debug\entity.obj
c:\users\hp\source\repos\友尽飞行棋\友尽飞行棋\x64\debug\dice.obj
c:\users\hp\source\repos\友尽飞行棋\友尽飞行棋\x64\debug\chessboard.obj
c:\users\hp\source\repos\友尽飞行棋\友尽飞行棋\x64\debug\button.obj
c:\users\hp\source\repos\友尽飞行棋\友尽飞行棋\x64\debug\begininterface.obj
c:\users\hp\source\repos\友尽飞行棋\友尽飞行棋\x64\debug\animator.obj
c:\users\hp\source\repos\友尽飞行棋\友尽飞行棋\x64\debug\network.obj
c:\users\hp\source\repos\友尽飞行棋\友尽飞行棋\x64\debug\plane_server.obj
c:\users\hp\source\repos\友尽飞行棋\友尽飞行棋\x64\debug\plane_client.obj
c:\users\hp\source\repos\友尽飞行棋\友尽飞行棋\x64\debug\dice_server.obj
c:\users\hp\source\repos\友尽飞行棋\友尽飞行棋\x64\debug\dice_client.obj
c:\users\hp\source\repos\友尽飞行棋\x64\debug\友尽飞行棋.exe
c:\users\hp\source\repos\友尽飞行棋\x64\debug\友尽飞行棋.ilk
c:\users\hp\source\repos\友尽飞行棋\x64\debug\友尽飞行棋.pdb
c:\users\hp\source\repos\友尽飞行棋\友尽飞行棋\x64\debug\友尽飞行棋.tlog\cl.command.1.tlog
c:\users\hp\source\repos\友尽飞行棋\友尽飞行棋\x64\debug\友尽飞行棋.tlog\cl.read.1.tlog
c:\users\hp\source\repos\友尽飞行棋\友尽飞行棋\x64\debug\友尽飞行棋.tlog\cl.write.1.tlog
c:\users\hp\source\repos\友尽飞行棋\友尽飞行棋\x64\debug\友尽飞行棋.tlog\link.command.1.tlog
c:\users\hp\source\repos\友尽飞行棋\友尽飞行棋\x64\debug\友尽飞行棋.tlog\link.read.1.tlog
c:\users\hp\source\repos\友尽飞行棋\友尽飞行棋\x64\debug\友尽飞行棋.tlog\link.write.1.tlog
